<?xml version="1.0" encoding="UTF-8"?>
<testsuite xmlns:xsi="http://www.w3.org/2001/XMLSchema-instance" xsi:noNamespaceSchemaLocation="https://maven.apache.org/surefire/maven-surefire-plugin/xsd/surefire-test-report.xsd" version="3.0.2" name="com.example.application.RealTimeApplicationTests" time="33.839" tests="1" errors="0" skipped="0" failures="0" flakes="0">
  <properties>
[...]
</properties>
  <testcase name="contextLoads" classname="com.example.application.RealTimeApplicationTests" time="8.378">
    <system-out><![CDATA[20:02:33.249 [main] INFO org.springframework.test.context.support.AnnotationConfigContextLoaderUtils -- Could not detect default configuration classes for test class [com.example.application.RealTimeApplicationTests]: RealTimeApplicationTests does not declare any static, non-private, non-final, nested classes annotated with @Configuration.
20:02:34.655 [main] INFO org.springframework.boot.test.context.SpringBootTestContextBootstrapper -- Found @SpringBootConfiguration com.example.application.RealTimeApplication for test class com.example.application.RealTimeApplicationTests
20:02:35.277 [main] INFO org.springframework.test.context.support.AnnotationConfigContextLoaderUtils -- Could not detect default configuration classes for test class [com.example.application.RealTimeApplicationTests]: RealTimeApplicationTests does not declare any static, non-private, non-final, nested classes annotated with @Configuration.
20:02:35.284 [main] INFO org.springframework.boot.test.context.SpringBootTestContextBootstrapper -- Found @SpringBootConfiguration com.example.application.RealTimeApplication for test class com.example.application.RealTimeApplicationTests

  .   ____          _            __ _ _
 /\\ / ___'_ __ _ _(_)_ __  __ _ \ \ \ \
( ( )\___ | '_ | '_| | '_ \/ _` | \ \ \ \
 \\/  ___)| |_)| | | | | || (_| |  ) ) ) )
  '  |____| .__|_| |_|_| |_\__, | / / / /
 =========|_|==============|___/=/_/_/_/

 :: Spring Boot ::                (v4.0.5)

2026-05-06T20:02:38.427+05:30  INFO 84584 --- [RealTimeApplication] [           main] c.e.a.RealTimeApplicationTests           : Starting RealTimeApplicationTests using Java 21.0.10 with PID 84584 (started by OMKAR in C:\Users\OMKAR\Downloads\RealTimeApplication)
2026-05-06T20:02:38.444+05:30  INFO 84584 --- [RealTimeApplication] [           main] c.e.a.RealTimeApplicationTests           : No active profile set, falling back to 1 default profile: "default"
2026-05-06T20:02:56.126+05:30  INFO 84584 --- [RealTimeApplication] [           main] c.e.a.RealTimeApplicationTests           : Started RealTimeApplicationTests in 20.315 seconds (process running for 30.34)
2026-05-06T20:02:56.179+05:30  WARN 84584 --- [RealTimeApplication] [           main] o.s.core.events.SpringDocAppInitializer  : SpringDoc /v3/api-docs endpoint is enabled by default. To disable it in production, set the property 'springdoc.api-docs.enabled=false'
2026-05-06T20:02:56.181+05:30  WARN 84584 --- [RealTimeApplication] [           main] o.s.core.events.SpringDocAppInitializer  : SpringDoc /swagger-ui.html endpoint is enabled by default. To disable it in production, set the property 'springdoc.swagger-ui.enabled=false'
]]></system-out>
    <system-err><![CDATA[Mockito is currently self-attaching to enable the inline-mock-maker. This will no longer work in future releases of the JDK. Please add Mockito as an agent to your build as described in Mockito's documentation: https://javadoc.io/doc/org.mockito/mockito-core/latest/org.mockito/org/mockito/Mockito.html#0.3
WARNING: A Java agent has been loaded dynamically (C:\Users\OMKAR\.m2\repository\net\bytebuddy\byte-buddy-agent\1.17.8\byte-buddy-agent-1.17.8.jar)
WARNING: If a serviceability tool is in use, please run with -XX:+EnableDynamicAgentLoading to hide this warning
WARNING: If a serviceability tool is not in use, please run with -Djdk.instrument.traceUsage for more information
WARNING: Dynamic loading of agents will be disallowed by default in a future release
]]></system-err>
  </testcase>
</testsuite>